-------------------------------------------------------------------------------
Test set: Library.BookAplicationTests
-------------------------------------------------------------------------------
Tests run: 1, Failures: 0, Errors: 1, Skipped: 0, Time elapsed: 0.54 s <<< FAILURE! - in Library.BookAplicationTests
Library.BookAplicationTests  Time elapsed: 0.538 s  <<< ERROR!
java.lang.IllegalStateException: Unable to find a @SpringBootConfiguration, you need to use @ContextConfiguration or @SpringBootTest(classes=...) with your test

